<?xml version="1.0" encoding="UTF-8" ?>
<testsuites>
  <testsuite errors="0" failures="0" hostname="JOTA-PC" id="0" name="PromocaoSpec" package="renk" tests="5" time="1.495" timestamp="2014-10-14T01:27:55">
      <properties />

      <testcase classname="renk.PromocaoSpec" name="testeCheckValues" time="1.244" />

      <testcase classname="renk.PromocaoSpec" name="testeFinish" time="0.029" />

      <testcase classname="renk.PromocaoSpec" name="testeAddProduto" time="0.075" />

      <testcase classname="renk.PromocaoSpec" name="testeConstraints" time="0.034" />

      <testcase classname="renk.PromocaoSpec" name="testeRemoveProduto" time="0.107" />

      <system-out><![CDATA[--Output from testeCheckValues--
--Output from testeFinish--
--Output from testeAddProduto--
--Output from testeConstraints--
--Output from testeRemoveProduto--
]]></system-out>

      <system-err><![CDATA[--Output from testeCheckValues--
--Output from testeFinish--
--Output from testeAddProduto--
--Output from testeConstraints--
--Output from testeRemoveProduto--
]]></system-err>

  </testsuite>
</testsuites>
